<?xml version="1.0" encoding="utf-8"?>
<testsuites>
  <testsuite name="Agent Availability" tests="1" failures="0" skipped="0" time="20.7888341" timestamp="2023-06-20T00:23:18" id="3a0a5b68-a6d5-ba4d-d8cc-399f1e69d1ff" log="">
    <testcase name="Check Agents availability" time="7.7414337" timestamp="2023-06-20T00:23:25.7724949+02:00" log="+ Passed Check Agents availability&#xD;&#xA;+ Passed  Kill chrome {LogInfo='Started 'taskkill' with arguments '/f /im chrome.exe''}&#xD;&#xA;&#xD;&#xA;+ Passed  Kill IE {LogInfo='Started 'taskkill' with arguments '/f /im iexplore.exe''}&#xD;&#xA;&#xD;&#xA;+ Passed  TBox Wait {LogInfo='Waited for &gt;2000&lt; milliseconds.'}&#xD;&#xA;&#xD;&#xA;+ Passed  OpenUrl&#xD;&#xA;&#xD;&#xA;+ Passed  TBox Wait {LogInfo='Waited for &gt;2000&lt; milliseconds.'}&#xD;&#xA;&#xD;&#xA;+ Passed  Agent View&#xD;&#xA;+ Passed   Idle agents count {LogInfo='Buffer with name: &quot;B_IdleAgentscount&quot; has been set to value: &quot;74&quot;',UsedValue='74'}&#xD;&#xA;&#xD;&#xA;+ Passed  TBox Evaluation Tool&#xD;&#xA;+ Passed   Expression {LogInfo=''74&gt; 50' evaluated to 'True'',UsedValue='True'}&#xD;&#xA;&#xD;&#xA;+ Passed  Kill chrome {LogInfo='Started 'taskkill' with arguments '/f /im chrome.exe''}&#xD;&#xA;&#xD;&#xA;+ Passed  Kill IE {LogInfo='Started 'taskkill' with arguments '/f /im iexplore.exe''}&#xD;&#xA;&#xD;&#xA;" />
  </testsuite>
  <testsuite name="Agent Availability" tests="1" failures="0" skipped="0" time="20.7888341" timestamp="2023-06-20T00:23:18" id="3a0a5b68-a6d5-ba4d-d8cc-399f1e69d1ff" log="">
    <testcase name="Check Agents availability" time="7.7414337" timestamp="2023-06-20T00:23:25.7724949+02:00" log="+ Passed Check Agents availability&#xD;&#xA;+ Passed  Kill chrome {LogInfo='Started 'taskkill' with arguments '/f /im chrome.exe''}&#xD;&#xA;&#xD;&#xA;+ Passed  Kill IE {LogInfo='Started 'taskkill' with arguments '/f /im iexplore.exe''}&#xD;&#xA;&#xD;&#xA;+ Passed  TBox Wait {LogInfo='Waited for &gt;2000&lt; milliseconds.'}&#xD;&#xA;&#xD;&#xA;+ Passed  OpenUrl&#xD;&#xA;&#xD;&#xA;+ Passed  TBox Wait {LogInfo='Waited for &gt;2000&lt; milliseconds.'}&#xD;&#xA;&#xD;&#xA;+ Passed  Agent View&#xD;&#xA;+ Passed   Idle agents count {LogInfo='Buffer with name: &quot;B_IdleAgentscount&quot; has been set to value: &quot;74&quot;',UsedValue='74'}&#xD;&#xA;&#xD;&#xA;+ Passed  TBox Evaluation Tool&#xD;&#xA;+ Passed   Expression {LogInfo=''74&gt; 50' evaluated to 'True'',UsedValue='True'}&#xD;&#xA;&#xD;&#xA;+ Passed  Kill chrome {LogInfo='Started 'taskkill' with arguments '/f /im chrome.exe''}&#xD;&#xA;&#xD;&#xA;+ Passed  Kill IE {LogInfo='Started 'taskkill' with arguments '/f /im iexplore.exe''}&#xD;&#xA;&#xD;&#xA;" />
  </testsuite>
</testsuites>